<?xml version="1.0" encoding="utf-8"?><testsuite errors="0" failures="0" name="pytest" skips="0" tests="8" time="0.042"><testcase classname="srttools.utils" file="srttools/utils.py" line="567" name="srttools.utils.calculate_moments" time="0.013408184051513672"></testcase><testcase classname="srttools.utils" file="srttools/utils.py" line="172" name="srttools.utils.compare_anything" time="0.003040313720703125"></testcase><testcase classname="srttools.utils" file="srttools/utils.py" line="147" name="srttools.utils.compare_strings" time="0.0010128021240234375"></testcase><testcase classname="srttools.utils" file="srttools/utils.py" line="301" name="srttools.utils.get_center_of_mass" time="0.0017998218536376953"></testcase><testcase classname="srttools.utils" file="srttools/utils.py" line="237" name="srttools.utils.interpolate_invalid_points_image" time="0.004370689392089844"></testcase><testcase classname="srttools.utils" file="srttools/utils.py" line="614" name="srttools.utils.scantype" time="0.002579212188720703"></testcase><testcase classname="srttools.utils" file="srttools/utils.py" line="129" name="srttools.utils.standard_byte" time="0.00072479248046875"></testcase><testcase classname="srttools.utils" file="srttools/utils.py" line="96" name="srttools.utils.standard_string" time="0.0008039474487304688"></testcase></testsuite>